#LOGS[2026-01-25 15:08:15] ALERTE: Nouveau cycle détecté (12z)
[2026-01-25 15:33:15] CHECK: Cycle 12z en cours (f384 non trouvé).
[2026-01-25 16:01:12] CHECK: Cycle 12z en cours (f384 non trouvé).
[2026-01-25 16:52:49] CHECK: Cycle 12z en cours (f384 non trouvé).
[2026-01-25 17:00:46] CHECK: Cycle 12z en cours (f384 non trouvé).
[2026-01-25 17:34:55] ALERTE: Cycle 12z marqué comme COMPLET.
[2026-01-25 17:40:10] CHECK: Cycle 12z déjà terminé. En attente du prochain.
[2026-01-25 17:51:36] CHECK: Cycle 12z déjà terminé. En attente du prochain.
[2026-01-25 17:59:09] CHECK: Cycle 12z déjà terminé. En attente du prochain.
[2026-01-25 19:01:03] CHECK: Cycle 12z déjà terminé. En attente du prochain.
[2026-01-25 19:31:35] CHECK: Cycle 12z déjà terminé. En attente du prochain.
[2026-01-25 19:45:57] CHECK: Cycle 12z déjà terminé. En attente du prochain.
[2026-01-25 19:59:10] CHECK: Cycle 12z déjà terminé. En attente du prochain.
[2026-01-25 20:47:46] ALERTE: Nouveau cycle détecté (18z)
[2026-01-25 21:33:29] CHECK: Cycle 18z en cours (f384 non trouvé).
[2026-01-25 21:50:09] CHECK: Cycle 18z en cours (f384 non trouvé).
[2026-01-25 22:42:45] CHECK: Cycle 18z en cours (f384 non trouvé).
[2026-01-25 22:56:42] CHECK: Cycle 18z en cours (f384 non trouvé).
[2026-01-25 23:39:00] ALERTE: Cycle 18z marqué comme COMPLET.
[2026-01-25 23:53:48] CHECK: Cycle 18z déjà terminé. En attente du prochain.
[2026-01-26 04:36:17] ALERTE: Nouveau cycle détecté (00z)
[2026-01-26 05:52:16] ALERTE: Cycle 00z marqué comme COMPLET.
[2026-01-26 05:56:52] CHECK: Cycle 00z déjà terminé. En attente du prochain.
[2026-01-26 07:39:01] CHECK: Cycle 00z déjà terminé. En attente du prochain.
[2026-01-26 07:57:55] CHECK: Cycle 00z déjà terminé. En attente du prochain.
[2026-01-26 09:04:42] ALERTE: Nouveau cycle détecté (06z)
[2026-01-26 09:52:30] CHECK: Cycle 06z en cours (f384 non trouvé).
[2026-01-26 10:26:05] CHECK: Cycle 06z en cours (f384 non trouvé).
[2026-01-26 10:30:36] CHECK: Cycle 06z en cours (f384 non trouvé).
[2026-01-26 10:35:23] CHECK: Cycle 06z en cours (f384 non trouvé).
[2026-01-26 10:40:24] CHECK: Cycle 06z en cours (f384 non trouvé).
[2026-01-26 10:45:26] CHECK: Cycle 06z en cours (f384 non trouvé).
[2026-01-26 11:00:49] CHECK: Cycle 06z en cours (f384 non trouvé).
[2026-01-26 11:15:27] ALERTE: Cycle 06z marqué comme COMPLET.
[2026-01-26 11:30:35] CHECK: Cycle 06z déjà terminé. En attente du prochain.
[2026-01-26 11:45:26] CHECK: Cycle 06z déjà terminé. En attente du prochain.
[2026-01-26 12:00:47] CHECK: Cycle 06z déjà terminé. En attente du prochain.
[2026-01-26 12:15:29] CHECK: Cycle 06z déjà terminé. En attente du prochain.
[2026-01-26 12:30:36] CHECK: Cycle 06z déjà terminé. En attente du prochain.
[2026-01-26 12:45:28] CHECK: Cycle 06z déjà terminé. En attente du prochain.
[2026-01-26 13:00:47] CHECK: Cycle 06z déjà terminé. En attente du prochain.
[2026-01-26 13:15:29] CHECK: Cycle 06z déjà terminé. En attente du prochain.
[2026-01-26 13:30:47] CHECK: Cycle 06z déjà terminé. En attente du prochain.
[2026-01-26 14:45:28] ALERTE: Nouveau cycle 12z
[2026-01-26 17:15:29] ALERTE: Cycle 12z COMPLET.
[2026-01-26 18:00:46] ALERTE: Cycle 12z COMPLET.
[2026-01-26 20:45:27] ALERTE: Nouveau cycle 18z
[2026-01-26 23:15:29] ALERTE: Cycle 18z COMPLET.
[2026-01-27 02:45:27] ALERTE: Nouveau cycle 00z
[2026-01-27 05:15:28] ALERTE: Cycle 00z COMPLET.
[2026-01-27 08:29:57] INFO: API Saints indisponible (Message 00z envoyé sans prénom)
[2026-01-27 08:29:58] ALERTE: Cycle 00z COMPLET.
[2026-01-27 08:44:07] ALERTE: Nouveau cycle 06z
[2026-01-27 08:46:47] ALERTE: Nouveau cycle 06z
[2026-01-27 11:15:29] ALERTE: Cycle 06z COMPLET.
[2026-01-27 14:45:27] ALERTE: Nouveau cycle 12z
[2026-01-27 17:15:27] ALERTE: Cycle 12z COMPLET.
[2026-01-27 20:45:49] ALERTE: Nouveau cycle 18z
[2026-01-27 23:15:28] ALERTE: Cycle 18z COMPLET.
[2026-01-28 02:45:28] ALERTE: Nouveau cycle 00z
[2026-01-28 05:15:27] ALERTE: Cycle 00z COMPLET.
[2026-01-28 08:45:26] ALERTE: Nouveau cycle 06z
[2026-01-28 11:15:26] ALERTE: Cycle 06z COMPLET.
[2026-01-28 14:45:27] ALERTE: Nouveau cycle 12z
[2026-01-28 17:15:28] ALERTE: Cycle 12z COMPLET.
[2026-01-28 20:45:28] ALERTE: Nouveau cycle 18z
[2026-01-28 23:15:25] ALERTE: Cycle 18z COMPLET.
[2026-01-29 02:45:25] ALERTE: Nouveau cycle 00z
[2026-01-29 05:15:31] ALERTE: Cycle 00z COMPLET.
[2026-01-29 08:45:28] ALERTE: Nouveau cycle 06z
[2026-01-29 11:15:28] ALERTE: Cycle 06z COMPLET.
[2026-01-29 14:45:32] ALERTE: Nouveau cycle 12z
[2026-01-29 17:15:30] ALERTE: Cycle 12z COMPLET.
[2026-01-29 20:45:25] ALERTE: Nouveau cycle 18z
[2026-01-29 23:15:28] ALERTE: Cycle 18z COMPLET.
[2026-01-30 02:45:25] ALERTE: Nouveau cycle 00z
[2026-01-30 05:30:35] ALERTE: Cycle 00z COMPLET.
[2026-01-30 08:45:26] ALERTE: Nouveau cycle 06z
[2026-01-30 11:15:27] ALERTE: Cycle 06z COMPLET.
[2026-01-30 14:45:27] ALERTE: Nouveau cycle 12z
[2026-01-30 17:30:37] ALERTE: Cycle 12z COMPLET.
[2026-01-30 20:45:26] ALERTE: Nouveau cycle 18z
[2026-01-30 23:15:28] ALERTE: Cycle 18z COMPLET.
[2026-01-31 02:45:26] ALERTE: Nouveau cycle 00z
[2026-01-31 05:15:27] ALERTE: Cycle 00z COMPLET.
[2026-01-31 08:45:27] ALERTE: Nouveau cycle 06z
[2026-01-31 11:15:27] ALERTE: Cycle 06z COMPLET.
[2026-01-31 14:45:26] ALERTE: Nouveau cycle 12z
[2026-01-31 17:15:27] ALERTE: Cycle 12z COMPLET.
[2026-01-31 20:45:27] ALERTE: Nouveau cycle 18z
[2026-01-31 23:15:28] ALERTE: Cycle 18z COMPLET.
[2026-02-01 02:45:28] ALERTE: Nouveau cycle 00z
[2026-02-01 05:15:26] ALERTE: Cycle 00z COMPLET.
[2026-02-01 08:45:27] ALERTE: Nouveau cycle 06z
[2026-02-01 11:15:27] ALERTE: Cycle 06z COMPLET.
[2026-02-01 14:45:25] ALERTE: Nouveau cycle 12z
[2026-02-01 17:15:29] ALERTE: Cycle 12z COMPLET.
[2026-02-01 20:45:27] ALERTE: Nouveau cycle 18z
[2026-02-01 23:15:27] ALERTE: Cycle 18z COMPLET.
[2026-02-02 02:45:27] ALERTE: Nouveau cycle 00z
[2026-02-02 05:15:26] ALERTE: Cycle 00z COMPLET.
[2026-02-02 08:45:26] ALERTE: Nouveau cycle 06z
[2026-02-02 11:15:27] ALERTE: Cycle 06z COMPLET.
[2026-02-02 14:45:26] ALERTE: Nouveau cycle 12z
[2026-02-02 17:15:26] ALERTE: Cycle 12z COMPLET.
[2026-02-02 23:13:36] ALERTE: Nouveau cycle 18z
[2026-02-02 23:15:27] ALERTE: Cycle 18z COMPLET.
[2026-02-03 02:45:26] ALERTE: Nouveau cycle 00z
[2026-02-03 05:15:27] ALERTE: Cycle 00z COMPLET.
[2026-02-03 08:45:27] ALERTE: Nouveau cycle 06z
[2026-02-03 11:15:29] ALERTE: Cycle 06z COMPLET.
[2026-02-03 14:45:34] ALERTE: Nouveau cycle 12z
[2026-02-03 17:15:28] ALERTE: Cycle 12z COMPLET.
[2026-02-03 20:45:26] ALERTE: Nouveau cycle 18z
[2026-02-03 23:15:25] ALERTE: Cycle 18z COMPLET.
[2026-02-04 02:45:25] ALERTE: Nouveau cycle 00z
[2026-02-04 05:15:26] ALERTE: Cycle 00z COMPLET.
[2026-02-04 08:45:26] ALERTE: Nouveau cycle 06z
[2026-02-04 11:15:26] ALERTE: Cycle 06z COMPLET.
[2026-02-04 14:45:28] ALERTE: Nouveau cycle 12z
[2026-02-04 17:15:28] ALERTE: Cycle 12z COMPLET.
[2026-02-04 20:45:29] ALERTE: Nouveau cycle 18z
[2026-02-04 23:15:26] ALERTE: Cycle 18z COMPLET.
[2026-02-05 02:45:27] ALERTE: Nouveau cycle 00z
[2026-02-05 05:30:35] ALERTE: Cycle 00z COMPLET.
[2026-02-05 08:45:26] ALERTE: Nouveau cycle 06z
[2026-02-05 11:15:25] ALERTE: Cycle 06z COMPLET.
[2026-02-05 14:45:28] ALERTE: Nouveau cycle 12z
[2026-02-05 17:15:28] ALERTE: Cycle 12z COMPLET.
[2026-02-05 20:45:29] ALERTE: Nouveau cycle 18z
[2026-02-05 23:15:41] ALERTE: Cycle 18z COMPLET.
[2026-02-06 02:45:26] ALERTE: Nouveau cycle 00z
[2026-02-06 05:15:27] ALERTE: Cycle 00z COMPLET.
[2026-02-06 08:45:28] ALERTE: Nouveau cycle 06z
[2026-02-06 11:15:29] ALERTE: Cycle 06z COMPLET.
[2026-02-06 14:45:29] ALERTE: Nouveau cycle 12z
[2026-02-06 17:15:30] ALERTE: Cycle 12z COMPLET.
[2026-02-06 20:45:27] ALERTE: Nouveau cycle 18z
[2026-02-06 23:15:25] ALERTE: Cycle 18z COMPLET.
[2026-02-07 02:45:26] ALERTE: Nouveau cycle 00z
[2026-02-07 05:15:25] ALERTE: Cycle 00z COMPLET.
[2026-02-07 08:45:25] ALERTE: Nouveau cycle 06z
[2026-02-07 11:15:28] ALERTE: Cycle 06z COMPLET.
[2026-02-07 14:45:27] ALERTE: Nouveau cycle 12z
[2026-02-07 17:18:14] ALERTE: Cycle 12z COMPLET.
[2026-02-07 20:45:51] ALERTE: Nouveau cycle 18z
[2026-02-07 23:15:25] ALERTE: Cycle 18z COMPLET.
[2026-02-08 02:45:26] ALERTE: Nouveau cycle 00z
[2026-02-08 05:15:29] ALERTE: Cycle 00z COMPLET.
[2026-02-08 08:45:26] ALERTE: Nouveau cycle 06z
[2026-02-08 11:15:26] ALERTE: Cycle 06z COMPLET.
[2026-02-08 14:45:26] ALERTE: Nouveau cycle 12z
[2026-02-08 17:15:25] ALERTE: Cycle 12z COMPLET.
[2026-02-08 20:45:25] ALERTE: Nouveau cycle 18z
[2026-02-08 23:15:32] ALERTE: Cycle 18z COMPLET.
[2026-02-09 02:45:28] ALERTE: Nouveau cycle 00z
[2026-02-09 05:15:27] ALERTE: Cycle 00z COMPLET.
[2026-02-09 08:45:25] ALERTE: Nouveau cycle 06z
[2026-02-09 11:15:27] ALERTE: Cycle 06z COMPLET.
[2026-02-09 14:45:29] ALERTE: Nouveau cycle 12z
[2026-02-09 17:15:28] ALERTE: Cycle 12z COMPLET.
[2026-02-09 20:45:30] ALERTE: Nouveau cycle 18z
[2026-02-09 23:15:26] ALERTE: Cycle 18z COMPLET.
[2026-02-10 02:45:27] ALERTE: Nouveau cycle 00z
[2026-02-10 05:15:30] ALERTE: Cycle 00z COMPLET.
[2026-02-10 08:45:30] ALERTE: Nouveau cycle 06z
[2026-02-10 11:15:28] ALERTE: Cycle 06z COMPLET.
[2026-02-10 14:45:34] ALERTE: Nouveau cycle 12z
[2026-02-10 17:15:29] ALERTE: Cycle 12z COMPLET.
[2026-02-10 20:45:26] ALERTE: Nouveau cycle 18z
[2026-02-10 23:15:46] ALERTE: Cycle 18z COMPLET.
[2026-02-11 02:45:27] ALERTE: Nouveau cycle 00z
[2026-02-11 05:15:28] ALERTE: Cycle 00z COMPLET.
[2026-02-11 08:45:32] ALERTE: Nouveau cycle 06z
[2026-02-11 11:15:28] ALERTE: Cycle 06z COMPLET.
[2026-02-11 14:45:29] ALERTE: Nouveau cycle 12z
[2026-02-11 17:15:28] ALERTE: Cycle 12z COMPLET.
[2026-02-11 20:45:28] ALERTE: Nouveau cycle 18z
[2026-02-11 23:15:31] ALERTE: Cycle 18z COMPLET.
[2026-02-12 02:45:27] ALERTE: Nouveau cycle 00z
[2026-02-12 05:30:35] ALERTE: Cycle 00z COMPLET.
[2026-02-12 08:45:27] ALERTE: Nouveau cycle 06z
[2026-02-12 11:15:28] ALERTE: Cycle 06z COMPLET.
[2026-02-12 14:45:29] ALERTE: Nouveau cycle 12z
[2026-02-12 17:30:41] ALERTE: Cycle 12z COMPLET.
[2026-02-12 20:45:27] ALERTE: Nouveau cycle 18z
[2026-02-12 23:15:26] ALERTE: Cycle 18z COMPLET.
[2026-02-13 02:45:27] ALERTE: Nouveau cycle 00z
[2026-02-13 05:15:26] ALERTE: Cycle 00z COMPLET.
[2026-02-13 08:45:27] ALERTE: Nouveau cycle 06z
[2026-02-13 11:15:28] ALERTE: Cycle 06z COMPLET.
[2026-02-13 14:45:29] ALERTE: Nouveau cycle 12z
[2026-02-13 17:15:41] ALERTE: Cycle 12z COMPLET.
[2026-02-13 20:45:45] ALERTE: Nouveau cycle 18z
[2026-02-13 23:15:28] ALERTE: Cycle 18z COMPLET.
[2026-02-14 02:45:27] ALERTE: Nouveau cycle 00z
[2026-02-14 05:15:26] ALERTE: Cycle 00z COMPLET.
[2026-02-14 08:45:29] ALERTE: Nouveau cycle 06z
[2026-02-14 11:15:26] ALERTE: Cycle 06z COMPLET.
[2026-02-14 14:45:28] ALERTE: Nouveau cycle 12z
[2026-02-14 17:15:26] ALERTE: Cycle 12z COMPLET.
[2026-02-14 20:45:27] ALERTE: Nouveau cycle 18z
[2026-02-14 23:15:25] ALERTE: Cycle 18z COMPLET.
[2026-02-15 02:45:25] ALERTE: Nouveau cycle 00z
[2026-02-15 05:15:27] ALERTE: Cycle 00z COMPLET.
[2026-02-15 08:45:25] ALERTE: Nouveau cycle 06z
[2026-02-15 11:15:26] ALERTE: Cycle 06z COMPLET.
[2026-02-15 14:45:26] ALERTE: Nouveau cycle 12z
[2026-02-15 17:15:25] ALERTE: Cycle 12z COMPLET.
[2026-02-15 20:45:25] ALERTE: Nouveau cycle 18z
[2026-02-15 23:15:26] ALERTE: Cycle 18z COMPLET.
[2026-02-16 02:45:26] ALERTE: Nouveau cycle 00z
[2026-02-16 05:30:36] ALERTE: Cycle 00z COMPLET.
[2026-02-16 08:45:27] ALERTE: Nouveau cycle 06z
[2026-02-16 11:15:28] ALERTE: Cycle 06z COMPLET.
[2026-02-16 14:45:27] ALERTE: Nouveau cycle 12z
[2026-02-16 17:15:27] ALERTE: Cycle 12z COMPLET.
[2026-02-16 20:45:26] ALERTE: Nouveau cycle 18z
[2026-02-16 23:15:26] ALERTE: Cycle 18z COMPLET.
[2026-02-17 02:45:28] ALERTE: Nouveau cycle 00z
[2026-02-17 05:15:25] ALERTE: Cycle 00z COMPLET.
[2026-02-17 08:45:26] ALERTE: Nouveau cycle 06z
[2026-02-17 11:15:27] ALERTE: Cycle 06z COMPLET.
[2026-02-17 14:45:28] ALERTE: Nouveau cycle 12z
[2026-02-17 17:15:30] ALERTE: Cycle 12z COMPLET.
[2026-02-17 20:45:29] ALERTE: Nouveau cycle 18z
[2026-02-17 23:15:29] ALERTE: Cycle 18z COMPLET.
[2026-02-18 02:45:28] ALERTE: Nouveau cycle 00z
[2026-02-18 05:15:29] ALERTE: Cycle 00z COMPLET.
[2026-02-18 08:45:28] ALERTE: Nouveau cycle 06z
[2026-02-18 11:15:27] ALERTE: Cycle 06z COMPLET.
[2026-02-18 14:45:30] ALERTE: Nouveau cycle 12z
[2026-02-18 17:15:29] ALERTE: Cycle 12z COMPLET.
[2026-02-18 20:45:27] ALERTE: Nouveau cycle 18z
[2026-02-18 23:15:26] ALERTE: Cycle 18z COMPLET.
[2026-02-19 02:45:29] ALERTE: Nouveau cycle 00z
[2026-02-19 05:45:28] ALERTE: Cycle 00z COMPLET.
[2026-02-19 08:45:28] ALERTE: Nouveau cycle 06z
[2026-02-19 11:15:27] ALERTE: Cycle 06z COMPLET.
[2026-02-19 14:45:30] ALERTE: Nouveau cycle 12z
[2026-02-19 17:15:28] ALERTE: Cycle 12z COMPLET.
[2026-02-19 20:45:28] ALERTE: Nouveau cycle 18z
[2026-02-19 23:15:29] ALERTE: Cycle 18z COMPLET.
[2026-02-20 02:45:28] ALERTE: Nouveau cycle 00z
[2026-02-20 05:15:26] ALERTE: Cycle 00z COMPLET.
[2026-02-20 08:45:27] ALERTE: Nouveau cycle 06z
[2026-02-20 11:15:25] ALERTE: Cycle 06z COMPLET.
[2026-02-20 14:45:27] ALERTE: Nouveau cycle 12z
[2026-02-20 17:15:27] ALERTE: Cycle 12z COMPLET.
[2026-02-20 20:45:27] ALERTE: Nouveau cycle 18z
[2026-02-20 23:15:26] ALERTE: Cycle 18z COMPLET.
[2026-02-21 02:45:30] ALERTE: Nouveau cycle 00z
[2026-02-21 05:15:29] ALERTE: Cycle 00z COMPLET.
[2026-02-21 08:45:25] ALERTE: Nouveau cycle 06z
[2026-02-21 11:15:28] ALERTE: Cycle 06z COMPLET.
[2026-02-21 14:45:25] ALERTE: Nouveau cycle 12z
[2026-02-21 17:15:26] ALERTE: Cycle 12z COMPLET.
[2026-02-21 20:45:27] ALERTE: Nouveau cycle 18z
[2026-02-21 23:30:34] ALERTE: Cycle 18z COMPLET.
[2026-02-22 02:45:26] ALERTE: Nouveau cycle 00z
[2026-02-22 05:30:36] ALERTE: Cycle 00z COMPLET.
[2026-02-22 08:45:25] ALERTE: Nouveau cycle 06z
[2026-02-22 11:15:26] ALERTE: Cycle 06z COMPLET.
[2026-02-22 14:45:25] ALERTE: Nouveau cycle 12z
[2026-02-22 17:15:28] ALERTE: Cycle 12z COMPLET.
[2026-02-22 20:45:25] ALERTE: Nouveau cycle 18z
[2026-02-22 23:15:25] ALERTE: Cycle 18z COMPLET.
[2026-02-23 02:45:27] ALERTE: Nouveau cycle 00z
[2026-02-23 05:15:28] ALERTE: Cycle 00z COMPLET.
[2026-02-23 08:45:27] ALERTE: Nouveau cycle 06z
[2026-02-23 11:15:26] ALERTE: Cycle 06z COMPLET.
[2026-02-23 14:45:31] ALERTE: Nouveau cycle 12z
[2026-02-23 17:15:40] ALERTE: Cycle 12z COMPLET.
[2026-02-23 20:45:43] ALERTE: Nouveau cycle 18z
[2026-02-23 23:15:28] ALERTE: Cycle 18z COMPLET.
[2026-02-24 02:45:26] ALERTE: Nouveau cycle 00z
[2026-02-24 05:15:29] ALERTE: Cycle 00z COMPLET.
[2026-02-24 08:45:28] ALERTE: Nouveau cycle 06z
[2026-02-24 11:15:29] ALERTE: Cycle 06z COMPLET.
[2026-02-24 14:45:30] ALERTE: Nouveau cycle 12z
[2026-02-24 17:15:27] ALERTE: Cycle 12z COMPLET.
[2026-02-24 20:45:28] ALERTE: Nouveau cycle 18z
[2026-02-24 23:30:37] ALERTE: Cycle 18z COMPLET.
[2026-02-25 02:45:27] ALERTE: Nouveau cycle 00z
[2026-02-25 05:15:27] ALERTE: Cycle 00z COMPLET.
[2026-02-25 08:45:26] ALERTE: Nouveau cycle 06z
[2026-02-25 11:15:28] ALERTE: Cycle 06z COMPLET.
[2026-02-25 14:45:28] ALERTE: Nouveau cycle 12z
[2026-02-25 17:15:47] ALERTE: Cycle 12z COMPLET.
[2026-02-25 20:45:30] ALERTE: Nouveau cycle 18z
[2026-02-25 23:15:29] ALERTE: Cycle 18z COMPLET.
[2026-02-26 02:45:28] ALERTE: Nouveau cycle 00z
[2026-02-26 05:15:37] ALERTE: Cycle 00z COMPLET.
[2026-02-26 08:45:28] ALERTE: Nouveau cycle 06z
[2026-02-26 11:15:29] ALERTE: Cycle 06z COMPLET.
[2026-02-26 14:45:29] ALERTE: Nouveau cycle 12z
[2026-02-26 17:15:27] ALERTE: Cycle 12z COMPLET.
[2026-02-26 20:45:26] ALERTE: Nouveau cycle 18z
[2026-02-26 23:15:25] ALERTE: Cycle 18z COMPLET.
[2026-02-27 02:45:25] ALERTE: Nouveau cycle 00z
[2026-02-27 05:15:25] ALERTE: Cycle 00z COMPLET.
[2026-02-27 08:45:27] ALERTE: Nouveau cycle 06z
[2026-02-27 11:15:26] ALERTE: Cycle 06z COMPLET.
[2026-02-27 14:45:26] ALERTE: Nouveau cycle 12z
[2026-02-27 17:15:28] ALERTE: Cycle 12z COMPLET.
[2026-02-27 20:45:23] ALERTE: Nouveau cycle 18z
[2026-02-27 23:15:26] ALERTE: Cycle 18z COMPLET.
[2026-02-28 02:45:26] ALERTE: Nouveau cycle 00z
[2026-02-28 05:15:25] ALERTE: Cycle 00z COMPLET.
[2026-02-28 08:45:26] ALERTE: Nouveau cycle 06z
[2026-02-28 11:15:28] ALERTE: Cycle 06z COMPLET.
[2026-02-28 14:45:24] ALERTE: Nouveau cycle 12z
[2026-02-28 17:15:25] ALERTE: Cycle 12z COMPLET.
[2026-02-28 20:45:25] ALERTE: Nouveau cycle 18z
[2026-02-28 23:15:26] ALERTE: Cycle 18z COMPLET.
[2026-03-01 02:45:25] ALERTE: Nouveau cycle 00z
[2026-03-01 05:15:26] ALERTE: Cycle 00z COMPLET.
[2026-03-01 08:45:23] ALERTE: Nouveau cycle 06z
[2026-03-01 11:15:25] ALERTE: Cycle 06z COMPLET.
[2026-03-01 14:45:25] ALERTE: Nouveau cycle 12z
[2026-03-01 17:15:25] ALERTE: Cycle 12z COMPLET.
[2026-03-01 20:45:25] ALERTE: Nouveau cycle 18z
[2026-03-01 23:30:32] ALERTE: Cycle 18z COMPLET.
[2026-03-02 02:45:27] ALERTE: Nouveau cycle 00z
[2026-03-02 05:15:24] ALERTE: Cycle 00z COMPLET.
[2026-03-02 08:45:26] ALERTE: Nouveau cycle 06z
[2026-03-02 11:15:25] ALERTE: Cycle 06z COMPLET.
[2026-03-02 14:45:28] ALERTE: Nouveau cycle 12z
[2026-03-02 17:15:42] ALERTE: Cycle 12z COMPLET.
[2026-03-02 20:45:25] ALERTE: Nouveau cycle 18z
[2026-03-02 23:15:26] ALERTE: Cycle 18z COMPLET.
[2026-03-03 02:45:24] ALERTE: Nouveau cycle 00z
[2026-03-03 05:15:25] ALERTE: Cycle 00z COMPLET.
[2026-03-03 08:45:25] ALERTE: Nouveau cycle 06z
[2026-03-03 11:15:27] ALERTE: Cycle 06z COMPLET.
[2026-03-03 14:45:29] ALERTE: Nouveau cycle 12z
[2026-03-03 17:15:29] ALERTE: Cycle 12z COMPLET.
[2026-03-03 20:45:27] ALERTE: Nouveau cycle 18z
[2026-03-03 23:15:27] ALERTE: Cycle 18z COMPLET.
[2026-03-04 02:45:24] ALERTE: Nouveau cycle 00z
[2026-03-04 05:15:24] ALERTE: Cycle 00z COMPLET.
[2026-03-04 08:45:25] ALERTE: Nouveau cycle 06z
[2026-03-04 11:15:26] ALERTE: Cycle 06z COMPLET.
[2026-03-04 14:45:27] ALERTE: Nouveau cycle 12z
[2026-03-04 17:15:26] ALERTE: Cycle 12z COMPLET.
[2026-03-04 20:45:27] ALERTE: Nouveau cycle 18z
[2026-03-04 23:15:27] ALERTE: Cycle 18z COMPLET.
[2026-03-05 02:45:32] ALERTE: Nouveau cycle 00z
[2026-03-05 05:15:30] ALERTE: Cycle 00z COMPLET.
[2026-03-05 08:45:28] ALERTE: Nouveau cycle 06z
[2026-03-05 11:15:32] ALERTE: Cycle 06z COMPLET.
[2026-03-05 14:45:29] ALERTE: Nouveau cycle 12z
[2026-03-05 17:30:46] ALERTE: Cycle 12z COMPLET.
[2026-03-05 20:45:25] ALERTE: Nouveau cycle 18z
[2026-03-05 23:16:34] ALERTE: Cycle 18z COMPLET.
[2026-03-06 02:45:25] ALERTE: Nouveau cycle 00z
[2026-03-06 05:15:25] ALERTE: Cycle 00z COMPLET.
[2026-03-06 08:45:27] ALERTE: Nouveau cycle 06z
[2026-03-06 11:15:26] ALERTE: Cycle 06z COMPLET.
[2026-03-06 14:45:26] ALERTE: Nouveau cycle 12z
[2026-03-06 17:15:25] ALERTE: Cycle 12z COMPLET.
[2026-03-06 20:45:25] ALERTE: Nouveau cycle 18z
[2026-03-06 23:15:26] ALERTE: Cycle 18z COMPLET.
[2026-03-07 02:45:26] ALERTE: Nouveau cycle 00z
[2026-03-07 05:15:26] ALERTE: Cycle 00z COMPLET.
[2026-03-07 08:45:25] ALERTE: Nouveau cycle 06z
[2026-03-07 11:15:25] ALERTE: Cycle 06z COMPLET.
[2026-03-07 14:45:29] ALERTE: Nouveau cycle 12z
[2026-03-07 17:15:23] ALERTE: Cycle 12z COMPLET.
[2026-03-07 20:45:21] ALERTE: Nouveau cycle 18z
[2026-03-07 23:15:25] ALERTE: Cycle 18z COMPLET.
[2026-03-08 02:45:27] ALERTE: Nouveau cycle 00z
[2026-03-08 05:15:30] ALERTE: Cycle 00z COMPLET.
[2026-03-08 08:45:24] ALERTE: Nouveau cycle 06z
[2026-03-08 11:15:26] ALERTE: Cycle 06z COMPLET.
[2026-03-08 14:45:22] ALERTE: Nouveau cycle 12z
[2026-03-08 17:15:27] ALERTE: Cycle 12z COMPLET.
[2026-03-08 20:45:24] ALERTE: Nouveau cycle 18z
[2026-03-08 23:30:33] ALERTE: Cycle 18z COMPLET.
[2026-03-09 02:45:26] ALERTE: Nouveau cycle 00z
[2026-03-09 05:15:26] ALERTE: Cycle 00z COMPLET.
[2026-03-09 08:45:28] ALERTE: Nouveau cycle 06z
[2026-03-09 11:15:27] ALERTE: Cycle 06z COMPLET.
[2026-03-09 14:45:28] ALERTE: Nouveau cycle 12z
[2026-03-09 17:15:27] ALERTE: Cycle 12z COMPLET.
[2026-03-09 20:45:28] ALERTE: Nouveau cycle 18z
[2026-03-09 23:15:25] ALERTE: Cycle 18z COMPLET.
[2026-03-10 02:45:28] ALERTE: Nouveau cycle 00z
[2026-03-10 05:15:27] ALERTE: Cycle 00z COMPLET.
[2026-03-10 08:45:27] ALERTE: Nouveau cycle 06z
[2026-03-10 11:15:26] ALERTE: Cycle 06z COMPLET.
[2026-03-10 14:45:28] ALERTE: Nouveau cycle 12z
[2026-03-10 17:15:26] ALERTE: Cycle 12z COMPLET.
[2026-03-10 20:45:26] ALERTE: Nouveau cycle 18z
[2026-03-10 23:15:26] ALERTE: Cycle 18z COMPLET.
[2026-03-11 02:45:26] ALERTE: Nouveau cycle 00z
[2026-03-11 05:15:26] ALERTE: Cycle 00z COMPLET.
[2026-03-11 08:45:28] ALERTE: Nouveau cycle 06z
[2026-03-11 11:15:27] ALERTE: Cycle 06z COMPLET.
[2026-03-11 14:45:27] ALERTE: Nouveau cycle 12z
[2026-03-11 17:15:27] ALERTE: Cycle 12z COMPLET.
[2026-03-11 20:45:25] ALERTE: Nouveau cycle 18z
[2026-03-11 23:15:25] ALERTE: Cycle 18z COMPLET.
[2026-03-12 02:45:25] ALERTE: Nouveau cycle 00z
[2026-03-12 05:15:27] ALERTE: Cycle 00z COMPLET.
[2026-03-12 08:45:25] ALERTE: Nouveau cycle 06z
[2026-03-12 11:15:25] ALERTE: Cycle 06z COMPLET.
[2026-03-12 14:45:29] ALERTE: Nouveau cycle 12z
[2026-03-12 17:15:27] ALERTE: Cycle 12z COMPLET.
[2026-03-12 20:45:37] ERREUR: Échec Discord début 18z
[2026-03-12 21:00:45] ALERTE: Nouveau cycle 18z
[2026-03-12 23:15:26] ALERTE: Cycle 18z COMPLET.
[2026-03-13 02:45:27] ALERTE: Nouveau cycle 00z
[2026-03-13 05:15:26] ALERTE: Cycle 00z COMPLET.
[2026-03-13 08:45:23] ALERTE: Nouveau cycle 06z
[2026-03-13 11:15:25] ALERTE: Cycle 06z COMPLET.
[2026-03-13 14:45:26] ALERTE: Nouveau cycle 12z
[2026-03-13 17:15:26] ALERTE: Cycle 12z COMPLET.
[2026-03-13 20:45:26] ALERTE: Nouveau cycle 18z
[2026-03-13 23:15:26] ALERTE: Cycle 18z COMPLET.
[2026-03-14 02:45:28] ALERTE: Nouveau cycle 00z
[2026-03-14 05:15:23] ALERTE: Cycle 00z COMPLET.
[2026-03-14 08:45:26] ALERTE: Nouveau cycle 06z
[2026-03-14 11:15:26] ALERTE: Cycle 06z COMPLET.
[2026-03-14 14:45:25] ALERTE: Nouveau cycle 12z
[2026-03-14 17:15:26] ALERTE: Cycle 12z COMPLET.
[2026-03-14 20:45:27] ALERTE: Nouveau cycle 18z
[2026-03-14 23:15:26] ALERTE: Cycle 18z COMPLET.
[2026-03-15 02:45:25] ALERTE: Nouveau cycle 00z
[2026-03-15 05:15:28] ALERTE: Cycle 00z COMPLET.
[2026-03-15 08:45:24] ALERTE: Nouveau cycle 06z
[2026-03-15 11:15:26] ALERTE: Cycle 06z COMPLET.
[2026-03-15 14:45:22] ALERTE: Nouveau cycle 12z
[2026-03-15 17:15:25] ALERTE: Cycle 12z COMPLET.
[2026-03-15 20:45:24] ALERTE: Nouveau cycle 18z
[2026-03-15 23:15:24] ALERTE: Cycle 18z COMPLET.
[2026-03-16 02:45:24] ALERTE: Nouveau cycle 00z
[2026-03-16 05:15:28] ALERTE: Cycle 00z COMPLET.
[2026-03-16 08:45:25] ALERTE: Nouveau cycle 06z
[2026-03-16 11:15:26] ALERTE: Cycle 06z COMPLET.
[2026-03-16 14:45:28] ALERTE: Nouveau cycle 12z
[2026-03-16 17:15:26] ALERTE: Cycle 12z COMPLET.
[2026-03-16 20:45:26] ALERTE: Nouveau cycle 18z
[2026-03-16 23:15:28] ALERTE: Cycle 18z COMPLET.
[2026-03-17 02:45:28] ALERTE: Nouveau cycle 00z
[2026-03-17 05:15:25] ALERTE: Cycle 00z COMPLET.
[2026-03-17 08:45:27] ALERTE: Nouveau cycle 06z
[2026-03-17 11:15:30] ALERTE: Cycle 06z COMPLET.
[2026-03-17 14:45:29] ALERTE: Nouveau cycle 12z
[2026-03-17 17:15:27] ALERTE: Cycle 12z COMPLET.
[2026-03-17 20:45:26] ALERTE: Nouveau cycle 18z
[2026-03-17 23:15:25] ALERTE: Cycle 18z COMPLET.
[2026-03-18 02:45:27] ALERTE: Nouveau cycle 00z
[2026-03-18 05:15:24] ALERTE: Cycle 00z COMPLET.
[2026-03-18 08:45:27] ALERTE: Nouveau cycle 06z
[2026-03-18 11:15:25] ALERTE: Cycle 06z COMPLET.
[2026-03-18 14:45:30] ALERTE: Nouveau cycle 12z
[2026-03-18 17:15:26] ALERTE: Cycle 12z COMPLET.
[2026-03-18 20:45:24] ALERTE: Nouveau cycle 18z
[2026-03-18 23:15:24] ALERTE: Cycle 18z COMPLET.
[2026-03-19 02:45:26] ALERTE: Nouveau cycle 00z
[2026-03-19 05:30:32] ALERTE: Cycle 00z COMPLET.
[2026-03-19 08:45:26] ALERTE: Nouveau cycle 06z
[2026-03-19 11:15:28] ALERTE: Cycle 06z COMPLET.
[2026-03-19 14:45:26] ALERTE: Nouveau cycle 12z
[2026-03-19 17:15:26] ALERTE: Cycle 12z COMPLET.
[2026-03-19 20:45:25] ALERTE: Nouveau cycle 18z
[2026-03-19 23:15:26] ALERTE: Cycle 18z COMPLET.
[2026-03-20 02:45:25] ALERTE: Nouveau cycle 00z
[2026-03-20 05:15:24] ALERTE: Cycle 00z COMPLET.
[2026-03-20 08:45:26] ALERTE: Nouveau cycle 06z
[2026-03-20 11:15:23] ALERTE: Cycle 06z COMPLET.
[2026-03-20 14:45:24] ALERTE: Nouveau cycle 12z
[2026-03-20 17:15:26] ALERTE: Cycle 12z COMPLET.
[2026-03-20 20:45:25] ALERTE: Nouveau cycle 18z
[2026-03-20 23:30:31] ALERTE: Cycle 18z COMPLET.
[2026-03-21 02:45:26] ALERTE: Nouveau cycle 00z
[2026-03-21 05:15:25] ALERTE: Cycle 00z COMPLET.
[2026-03-21 08:45:24] ALERTE: Nouveau cycle 06z
[2026-03-21 11:15:27] ALERTE: Cycle 06z COMPLET.
[2026-03-21 14:45:24] ALERTE: Nouveau cycle 12z
[2026-03-21 17:15:25] ALERTE: Cycle 12z COMPLET.
[2026-03-21 20:45:23] ALERTE: Nouveau cycle 18z
[2026-03-21 23:15:23] ALERTE: Cycle 18z COMPLET.
[2026-03-22 02:45:23] ALERTE: Nouveau cycle 00z
[2026-03-22 05:15:24] ALERTE: Cycle 00z COMPLET.
[2026-03-22 08:45:24] ALERTE: Nouveau cycle 06z
[2026-03-22 11:15:23] ALERTE: Cycle 06z COMPLET.
[2026-03-22 14:45:25] ALERTE: Nouveau cycle 12z
[2026-03-22 17:15:24] ALERTE: Cycle 12z COMPLET.
[2026-03-22 20:45:26] ALERTE: Nouveau cycle 18z
[2026-03-22 23:15:25] ALERTE: Cycle 18z COMPLET.
[2026-03-23 02:45:26] ALERTE: Nouveau cycle 00z
[2026-03-23 05:15:24] ALERTE: Cycle 00z COMPLET.
[2026-03-23 08:45:26] ALERTE: Nouveau cycle 06z
[2026-03-23 11:15:27] ALERTE: Cycle 06z COMPLET.
[2026-03-23 14:45:29] ALERTE: Nouveau cycle 12z
[2026-03-23 17:15:28] ALERTE: Cycle 12z COMPLET.
[2026-03-23 20:45:27] ALERTE: Nouveau cycle 18z
[2026-03-23 23:15:25] ALERTE: Cycle 18z COMPLET.
[2026-03-24 02:45:24] ALERTE: Nouveau cycle 00z
[2026-03-24 05:30:31] ALERTE: Cycle 00z COMPLET.
[2026-03-24 08:45:25] ALERTE: Nouveau cycle 06z
[2026-03-24 11:15:27] ALERTE: Cycle 06z COMPLET.
[2026-03-24 14:45:26] ALERTE: Nouveau cycle 12z
[2026-03-24 17:15:25] ALERTE: Cycle 12z COMPLET.
[2026-03-24 20:45:26] ALERTE: Nouveau cycle 18z
[2026-03-24 23:15:29] ALERTE: Cycle 18z COMPLET.
[2026-03-25 02:45:25] ALERTE: Nouveau cycle 00z
[2026-03-25 05:15:24] ALERTE: Cycle 00z COMPLET.
[2026-03-25 08:45:24] ALERTE: Nouveau cycle 06z
[2026-03-25 11:15:25] ALERTE: Cycle 06z COMPLET.
[2026-03-25 14:45:29] ALERTE: Nouveau cycle 12z
[2026-03-25 17:30:33] ALERTE: Cycle 12z COMPLET.
[2026-03-25 20:45:25] ALERTE: Nouveau cycle 18z
[2026-03-25 23:15:25] ALERTE: Cycle 18z COMPLET.
[2026-03-26 02:45:25] ALERTE: Nouveau cycle 00z
[2026-03-26 05:30:31] ALERTE: Cycle 00z COMPLET.
[2026-03-26 08:45:27] ALERTE: Nouveau cycle 06z
[2026-03-26 11:15:28] ALERTE: Cycle 06z COMPLET.
[2026-03-26 14:45:29] ALERTE: Nouveau cycle 12z
[2026-03-26 17:15:29] ALERTE: Cycle 12z COMPLET.
[2026-03-26 20:45:29] ALERTE: Nouveau cycle 18z
[2026-03-26 23:15:26] ALERTE: Cycle 18z COMPLET.
[2026-03-27 02:45:25] ALERTE: Nouveau cycle 00z
[2026-03-27 05:15:23] ALERTE: Cycle 00z COMPLET.
[2026-03-27 08:45:26] ALERTE: Nouveau cycle 06z
[2026-03-27 11:15:27] ALERTE: Cycle 06z COMPLET.
[2026-03-27 14:45:26] ALERTE: Nouveau cycle 12z
[2026-03-27 17:15:27] ALERTE: Cycle 12z COMPLET.
[2026-03-27 20:45:26] ALERTE: Nouveau cycle 18z
[2026-03-27 23:15:23] ALERTE: Cycle 18z COMPLET.
[2026-03-28 02:45:23] ALERTE: Nouveau cycle 00z
[2026-03-28 05:15:27] ALERTE: Cycle 00z COMPLET.
[2026-03-28 08:45:28] ALERTE: Nouveau cycle 06z
[2026-03-28 11:15:27] ALERTE: Cycle 06z COMPLET.
[2026-03-28 14:45:25] ALERTE: Nouveau cycle 12z
[2026-03-28 17:15:29] ALERTE: Cycle 12z COMPLET.
[2026-03-28 20:45:24] ALERTE: Nouveau cycle 18z
[2026-03-28 23:15:26] ALERTE: Cycle 18z COMPLET.
[2026-03-29 02:45:27] ALERTE: Nouveau cycle 00z
[2026-03-29 05:15:25] ALERTE: Cycle 00z COMPLET.
[2026-03-29 08:45:25] ALERTE: Nouveau cycle 06z
[2026-03-29 11:15:25] ALERTE: Cycle 06z COMPLET.
[2026-03-29 14:45:24] ALERTE: Nouveau cycle 12z
[2026-03-29 17:15:26] ALERTE: Cycle 12z COMPLET.
[2026-03-29 20:45:24] ALERTE: Nouveau cycle 18z
[2026-03-29 23:15:23] ALERTE: Cycle 18z COMPLET.
[2026-03-30 02:45:25] ALERTE: Nouveau cycle 00z
[2026-03-30 05:15:27] ALERTE: Cycle 00z COMPLET.
[2026-03-30 08:45:30] ALERTE: Nouveau cycle 06z
[2026-03-30 11:15:25] ALERTE: Cycle 06z COMPLET.
[2026-03-30 14:45:29] ALERTE: Nouveau cycle 12z
[2026-03-30 17:15:25] ALERTE: Cycle 12z COMPLET.
[2026-03-30 20:45:27] ALERTE: Nouveau cycle 18z
[2026-03-30 23:15:27] ALERTE: Cycle 18z COMPLET.
[2026-03-31 02:45:28] ALERTE: Nouveau cycle 00z
[2026-03-31 05:15:27] ALERTE: Cycle 00z COMPLET.
[2026-03-31 08:45:27] ALERTE: Nouveau cycle 06z
[2026-03-31 11:15:27] ALERTE: Cycle 06z COMPLET.
[2026-03-31 14:45:28] ALERTE: Nouveau cycle 12z
[2026-03-31 17:15:27] ALERTE: Cycle 12z COMPLET.
[2026-03-31 20:45:25] ALERTE: Nouveau cycle 18z
[2026-03-31 23:15:22] ALERTE: Cycle 18z COMPLET.
[2026-04-01 02:45:24] ALERTE: Nouveau cycle 00z
[2026-04-01 05:15:24] ALERTE: Cycle 00z COMPLET.
[2026-04-01 08:45:26] ALERTE: Nouveau cycle 06z
[2026-04-01 11:15:26] ALERTE: Cycle 06z COMPLET.
[2026-04-01 14:45:28] ALERTE: Nouveau cycle 12z
[2026-04-01 17:15:41] ALERTE: Cycle 12z COMPLET.
[2026-04-01 20:45:28] ALERTE: Nouveau cycle 18z
[2026-04-01 23:15:27] ALERTE: Cycle 18z COMPLET.
[2026-04-02 02:45:29] ALERTE: Nouveau cycle 00z
[2026-04-02 05:15:27] ALERTE: Cycle 00z COMPLET.
[2026-04-02 08:45:30] ALERTE: Nouveau cycle 06z
[2026-04-02 11:15:28] ALERTE: Cycle 06z COMPLET.
[2026-04-02 14:45:28] ALERTE: Nouveau cycle 12z
[2026-04-02 17:15:28] ALERTE: Cycle 12z COMPLET.
[2026-04-02 20:45:25] ALERTE: Nouveau cycle 18z
[2026-04-02 23:15:27] ERREUR: Échec Discord fin 18z
[2026-04-02 23:30:38] ERREUR: Échec Discord fin 18z
[2026-04-02 23:45:27] ERREUR: Échec Discord fin 18z
[2026-04-03 02:45:25] ERREUR: Échec Discord début 00z
[2026-04-03 03:00:36] ERREUR: Échec Discord début 00z
[2026-04-03 03:15:26] ERREUR: Échec Discord début 00z
[2026-04-03 03:30:33] ERREUR: Échec Discord début 00z
[2026-04-03 03:45:28] ERREUR: Échec Discord début 00z
[2026-04-03 04:00:40] ERREUR: Échec Discord début 00z
[2026-04-03 04:15:22] ERREUR: Échec Discord début 00z
[2026-04-03 04:30:32] ERREUR: Échec Discord début 00z
[2026-04-03 04:45:24] ERREUR: Échec Discord début 00z
[2026-04-03 05:00:40] ERREUR: Échec Discord début 00z
[2026-04-03 05:15:27] ERREUR: Échec Discord début 00z
[2026-04-03 05:30:31] ERREUR: Échec Discord début 00z
[2026-04-03 05:45:26] ERREUR: Échec Discord début 00z
[2026-04-03 06:00:41] ERREUR: Échec Discord début 00z
[2026-04-03 06:15:27] ERREUR: Échec Discord début 00z
[2026-04-03 06:30:33] ERREUR: Échec Discord début 00z
[2026-04-03 06:45:27] ERREUR: Échec Discord début 00z
[2026-04-03 07:00:44] ERREUR: Échec Discord début 00z
[2026-04-03 07:15:28] ERREUR: Échec Discord début 00z
[2026-04-03 07:30:36] ERREUR: Échec Discord début 00z
[2026-04-03 07:45:26] ERREUR: Échec Discord début 00z
[2026-04-03 08:00:39] ERREUR: Échec Discord début 00z
[2026-04-03 08:15:24] ERREUR: Échec Discord début 00z
[2026-04-03 08:30:32] ERREUR: Échec Discord début 00z
[2026-04-03 08:45:23] ERREUR: Échec Discord début 06z
[2026-04-03 09:00:41] ERREUR: Échec Discord début 06z
[2026-04-03 09:15:25] ERREUR: Échec Discord début 06z
[2026-04-03 09:30:32] ERREUR: Échec Discord début 06z
[2026-04-03 09:45:27] ERREUR: Échec Discord début 06z
[2026-04-03 10:00:43] ERREUR: Échec Discord début 06z
[2026-04-03 10:15:24] ERREUR: Échec Discord début 06z
[2026-04-03 10:30:33] ERREUR: Échec Discord début 06z
[2026-04-03 10:45:27] ERREUR: Échec Discord début 06z
[2026-04-03 11:00:41] ERREUR: Échec Discord début 06z
[2026-04-03 11:15:25] ERREUR: Échec Discord début 06z
[2026-04-03 11:30:31] ERREUR: Échec Discord début 06z
[2026-04-03 11:45:25] ERREUR: Échec Discord début 06z
[2026-04-03 12:00:41] ERREUR: Échec Discord début 06z
[2026-04-03 12:15:24] ERREUR: Échec Discord début 06z
[2026-04-03 12:30:36] ERREUR: Échec Discord début 06z
[2026-04-03 12:45:28] ERREUR: Échec Discord début 06z
[2026-04-03 13:00:42] ERREUR: Échec Discord début 06z
[2026-04-03 13:15:26] ERREUR: Échec Discord début 06z
[2026-04-03 13:30:33] ERREUR: Échec Discord début 06z
[2026-04-03 13:45:31] ERREUR: Échec Discord début 06z
[2026-04-03 14:00:46] ERREUR: Échec Discord début 06z
[2026-04-03 14:13:09] ERREUR: Échec Discord début 06z
[2026-04-03 14:15:24] ERREUR: Échec Discord début 06z
[2026-04-03 14:16:37] ALERTE: Nouveau cycle 06z
[2026-04-03 14:23:29] ALERTE: Nouveau cycle 06z
[2026-04-03 14:45:26] ALERTE: Nouveau cycle 12z
[2026-04-03 17:15:28] ALERTE: Cycle 12z COMPLET.
[2026-04-03 20:45:24] ALERTE: Nouveau cycle 18z
[2026-04-03 23:15:27] ALERTE: Cycle 18z COMPLET.
[2026-04-04 02:45:26] ALERTE: Nouveau cycle 00z
[2026-04-04 05:15:25] ALERTE: Cycle 00z COMPLET.
[2026-04-04 08:45:26] ALERTE: Nouveau cycle 06z
[2026-04-04 11:15:26] ALERTE: Cycle 06z COMPLET.
[2026-04-04 14:45:25] ALERTE: Nouveau cycle 12z
[2026-04-04 17:15:25] ALERTE: Cycle 12z COMPLET.
[2026-04-04 20:45:25] ALERTE: Nouveau cycle 18z
[2026-04-04 23:15:25] ALERTE: Cycle 18z COMPLET.
[2026-04-05 02:45:28] ALERTE: Nouveau cycle 00z
[2026-04-05 05:15:26] ALERTE: Cycle 00z COMPLET.
[2026-04-05 08:45:25] ALERTE: Nouveau cycle 06z
[2026-04-05 11:15:26] ALERTE: Cycle 06z COMPLET.
[2026-04-05 14:45:25] ALERTE: Nouveau cycle 12z
[2026-04-05 17:15:28] ALERTE: Cycle 12z COMPLET.
[2026-04-05 20:45:25] ALERTE: Nouveau cycle 18z
[2026-04-05 23:15:27] ALERTE: Cycle 18z COMPLET.
[2026-04-06 02:45:24] ALERTE: Nouveau cycle 00z
[2026-04-06 05:15:25] ALERTE: Cycle 00z COMPLET.
[2026-04-06 08:45:27] ALERTE: Nouveau cycle 06z
[2026-04-06 11:15:26] ALERTE: Cycle 06z COMPLET.
[2026-04-06 14:45:27] ALERTE: Nouveau cycle 12z
[2026-04-06 17:30:36] ALERTE: Cycle 12z COMPLET.
[2026-04-06 20:45:27] ALERTE: Nouveau cycle 18z
[2026-04-06 23:15:30] ALERTE: Cycle 18z COMPLET.
[2026-04-07 02:45:32] ALERTE: Nouveau cycle 00z
[2026-04-07 05:15:28] ALERTE: Cycle 00z COMPLET.
[2026-04-07 08:45:29] ALERTE: Nouveau cycle 06z
[2026-04-07 11:15:30] ALERTE: Cycle 06z COMPLET.
[2026-04-07 14:45:32] ALERTE: Nouveau cycle 12z
[2026-04-07 17:15:30] ALERTE: Cycle 12z COMPLET.
[2026-04-07 20:45:31] ALERTE: Nouveau cycle 18z
[2026-04-07 23:15:28] ALERTE: Cycle 18z COMPLET.
[2026-04-08 02:45:30] ALERTE: Nouveau cycle 00z
[2026-04-08 07:30:42] ALERTE: Cycle 00z COMPLET.
[2026-04-08 08:45:33] ALERTE: Nouveau cycle 06z
[2026-04-08 11:15:33] ALERTE: Cycle 06z COMPLET.
[2026-04-08 14:45:37] ALERTE: Nouveau cycle 12z
[2026-04-08 17:15:29] ALERTE: Cycle 12z COMPLET.
[2026-04-08 20:45:27] ALERTE: Nouveau cycle 18z
[2026-04-08 23:15:31] ALERTE: Cycle 18z COMPLET.
[2026-04-09 02:45:27] ALERTE: Nouveau cycle 00z
[2026-04-09 05:15:25] ALERTE: Cycle 00z COMPLET.
[2026-04-09 08:45:28] ALERTE: Nouveau cycle 06z
[2026-04-09 11:15:25] ALERTE: Cycle 06z COMPLET.
[2026-04-09 14:45:28] ALERTE: Nouveau cycle 12z
[2026-04-09 17:30:39] ALERTE: Cycle 12z COMPLET.
[2026-04-09 20:45:30] ALERTE: Nouveau cycle 18z
[2026-04-09 23:30:40] ALERTE: Cycle 18z COMPLET.
[2026-04-10 02:45:30] ALERTE: Nouveau cycle 00z
[2026-04-10 05:30:39] ALERTE: Cycle 00z COMPLET.
[2026-04-10 08:45:29] ALERTE: Nouveau cycle 06z
[2026-04-10 11:15:28] ALERTE: Cycle 06z COMPLET.
[2026-04-10 14:45:35] ALERTE: Nouveau cycle 12z
[2026-04-10 17:30:42] ALERTE: Cycle 12z COMPLET.
[2026-04-10 20:45:28] ALERTE: Nouveau cycle 18z
[2026-04-10 23:15:32] ALERTE: Cycle 18z COMPLET.
[2026-04-11 02:45:28] ALERTE: Nouveau cycle 00z
[2026-04-11 05:15:28] ALERTE: Cycle 00z COMPLET.
[2026-04-11 08:45:27] ALERTE: Nouveau cycle 06z
[2026-04-11 11:15:28] ALERTE: Cycle 06z COMPLET.
[2026-04-11 14:45:29] ALERTE: Nouveau cycle 12z
[2026-04-11 17:15:29] ALERTE: Cycle 12z COMPLET.
[2026-04-11 20:45:28] ALERTE: Nouveau cycle 18z
[2026-04-11 23:15:30] ALERTE: Cycle 18z COMPLET.
[2026-04-12 02:45:28] ALERTE: Nouveau cycle 00z
[2026-04-12 05:30:44] ALERTE: Cycle 00z COMPLET.
[2026-04-12 08:45:28] ALERTE: Nouveau cycle 06z
[2026-04-12 11:15:28] ALERTE: Cycle 06z COMPLET.
[2026-04-12 14:45:26] ALERTE: Nouveau cycle 12z
[2026-04-12 17:15:27] ALERTE: Cycle 12z COMPLET.
[2026-04-12 20:45:28] ALERTE: Nouveau cycle 18z
[2026-04-12 23:15:30] ALERTE: Cycle 18z COMPLET.
[2026-04-13 02:45:28] ALERTE: Nouveau cycle 00z
